<?xml version="1.0" encoding="UTF-8"?>
<testsuite name="AccountTest" tests="6" skipped="0" failures="0" errors="0" timestamp="2025-05-17T00:57:18" hostname="alekseithinkpad" time="0.05">
  <properties/>
  <testcase name="withdraw_twice_removes_correct_amount()" classname="AccountTest" time="0.025"/>
  <testcase name="deposit_twice_accumulates_balance()" classname="AccountTest" time="0.002"/>
  <testcase name="apr_is_set_correctly()" classname="AccountTest" time="0.002"/>
  <testcase name="withdraw_decreases_balance()" classname="AccountTest" time="0.002"/>
  <testcase name="deposit_increases_balance()" classname="AccountTest" time="0.002"/>
  <testcase name="withdraw_more_than_balance_sets_balance_to_zero()" classname="AccountTest" time="0.002"/>
  <system-out><![CDATA[]]></system-out>
  <system-err><![CDATA[]]></system-err>
</testsuite>
