<?xml version="1.0" encoding="UTF-8"?>
<testsuite name="CommandStorageTest" tests="3" skipped="0" failures="0" errors="0" timestamp="2025-05-17T00:57:18" hostname="alekseithinkpad" time="0.015">
  <properties/>
  <testcase name="testAddMultipleCommandsMaintainsOrder()" classname="CommandStorageTest" time="0.001"/>
  <testcase name="testListIsUnmodifiable()" classname="CommandStorageTest" time="0.004"/>
  <testcase name="testAddSingleCommand()" classname="CommandStorageTest" time="0.001"/>
  <system-out><![CDATA[]]></system-out>
  <system-err><![CDATA[]]></system-err>
</testsuite>
