<?xml version="1.0" encoding="UTF-8"?>
<testsuite name="CommandValidatorTest" tests="7" skipped="0" failures="0" errors="0" timestamp="2025-05-09T22:44:14" hostname="alekseithinkpad" time="0.032">
  <properties/>
  <testcase name="idTooLong()" classname="CommandValidatorTest" time="0.013"/>
  <testcase name="validCheckingCreate()" classname="CommandValidatorTest" time="0.002"/>
  <testcase name="duplicateId()" classname="CommandValidatorTest" time="0.001"/>
  <testcase name="idTooShort()" classname="CommandValidatorTest" time="0.001"/>
  <testcase name="invalidAccountType()" classname="CommandValidatorTest" time="0.001"/>
  <testcase name="validSavingsCreate()" classname="CommandValidatorTest" time="0.001"/>
  <testcase name="validCDCreate()" classname="CommandValidatorTest" time="0.001"/>
  <system-out><![CDATA[]]></system-out>
  <system-err><![CDATA[]]></system-err>
</testsuite>
