<?xml version="1.0" encoding="UTF-8"?>
<testsuite name="CommandProcessorTest" tests="4" skipped="0" failures="0" errors="0" timestamp="2025-05-17T00:57:18" hostname="alekseithinkpad" time="0.02">
  <properties/>
  <testcase name="testCreateCdAccountWithBalance()" classname="CommandProcessorTest" time="0.004"/>
  <testcase name="testDepositToAccount()" classname="CommandProcessorTest" time="0.001"/>
  <testcase name="testCreateCheckingAccount()" classname="CommandProcessorTest" time="0.001"/>
  <testcase name="testMultipleDeposits()" classname="CommandProcessorTest" time="0.001"/>
  <system-out><![CDATA[]]></system-out>
  <system-err><![CDATA[]]></system-err>
</testsuite>
