<?xml version="1.0" encoding="UTF-8"?>
<testsuite name="SavingsAccountTest" tests="1" skipped="0" failures="0" errors="0" timestamp="2025-05-17T00:57:18" hostname="alekseithinkpad" time="0.001">
  <properties/>
  <testcase name="when_checking_created_balance_is_0()" classname="SavingsAccountTest" time="0.001"/>
  <system-out><![CDATA[]]></system-out>
  <system-err><![CDATA[]]></system-err>
</testsuite>
