<?xml version="1.0" encoding="UTF-8"?>
<testsuite name="MasterControlTest" tests="4" skipped="0" failures="0" errors="0" timestamp="2025-05-17T00:57:18" hostname="alekseithinkpad" time="0.011">
  <properties/>
  <testcase name="testSingleInvalidCommand()" classname="MasterControlTest" time="0.003"/>
  <testcase name="testValidThenInvalidCommand()" classname="MasterControlTest" time="0.002"/>
  <testcase name="testMultipleInvalidCommands()" classname="MasterControlTest" time="0.0"/>
  <testcase name="testValidCommandDoesNotAppearInOutput()" classname="MasterControlTest" time="0.001"/>
  <system-out><![CDATA[]]></system-out>
  <system-err><![CDATA[]]></system-err>
</testsuite>
