<?xml version="1.0" encoding="UTF-8"?>
<testsuite name="CDAccountTest" tests="1" skipped="0" failures="0" errors="0" timestamp="2025-05-17T00:57:18" hostname="alekseithinkpad" time="0.002">
  <properties/>
  <testcase name="apr_is_whatever_was_supplied()" classname="CDAccountTest" time="0.002"/>
  <system-out><![CDATA[]]></system-out>
  <system-err><![CDATA[]]></system-err>
</testsuite>
