<?xml version="1.0" encoding="UTF-8"?>
<testsuite name="CommandValidatorTest" tests="52" skipped="0" failures="0" errors="0" timestamp="2025-05-17T00:57:18" hostname="alekseithinkpad" time="0.211">
  <properties/>
  <testcase name="cdBelowMinimum()" classname="CommandValidatorTest" time="0.006"/>
  <testcase name="idTooLong()" classname="CommandValidatorTest" time="0.001"/>
  <testcase name="depositTooManyArguments()" classname="CommandValidatorTest" time="0.001"/>
  <testcase name="depositAboveLimitSavings()" classname="CommandValidatorTest" time="0.001"/>
  <testcase name="depositAmountZero()" classname="CommandValidatorTest" time="0.004"/>
  <testcase name="cdMissingAmount()" classname="CommandValidatorTest" time="0.003"/>
  <testcase name="depositToNonexistentAccount()" classname="CommandValidatorTest" time="0.001"/>
  <testcase name="extraArgument()" classname="CommandValidatorTest" time="0.002"/>
  <testcase name="validDepositToSavings()" classname="CommandValidatorTest" time="0.002"/>
  <testcase name="leadingSpaces()" classname="CommandValidatorTest" time="0.001"/>
  <testcase name="aprNotANumber()" classname="CommandValidatorTest" time="0.002"/>
  <testcase name="extraSpaceAtEnd()" classname="CommandValidatorTest" time="0.003"/>
  <testcase name="aprOverTen()" classname="CommandValidatorTest" time="0.002"/>
  <testcase name="depositTooFewArguments()" classname="CommandValidatorTest" time="0.001"/>
  <testcase name="validCheckingCreate()" classname="CommandValidatorTest" time="0.001"/>
  <testcase name="depositInvalidIdFormat()" classname="CommandValidatorTest" time="0.003"/>
  <testcase name="nonNumericId1()" classname="CommandValidatorTest" time="0.001"/>
  <testcase name="nonNumericId2()" classname="CommandValidatorTest" time="0.001"/>
  <testcase name="duplicateId()" classname="CommandValidatorTest" time="0.001"/>
  <testcase name="validDepositToChecking()" classname="CommandValidatorTest" time="0.001"/>
  <testcase name="idTooShort()" classname="CommandValidatorTest" time="0.004"/>
  <testcase name="noSpacesCommand()" classname="CommandValidatorTest" time="0.0"/>
  <testcase name="zeroApr()" classname="CommandValidatorTest" time="0.001"/>
  <testcase name="depositAboveLimitChecking()" classname="CommandValidatorTest" time="0.002"/>
  <testcase name="missingApr()" classname="CommandValidatorTest" time="0.003"/>
  <testcase name="cdMinValidAprAndAmount()" classname="CommandValidatorTest" time="0.001"/>
  <testcase name="invalidAccountType()" classname="CommandValidatorTest" time="0.002"/>
  <testcase name="negativeApr()" classname="CommandValidatorTest" time="0.001"/>
  <testcase name="depositNegativeAmount()" classname="CommandValidatorTest" time="0.002"/>
  <testcase name="depositWithDecimalAmountChecking()" classname="CommandValidatorTest" time="0.002"/>
  <testcase name="amountNotANumberForCD()" classname="CommandValidatorTest" time="0.001"/>
  <testcase name="scientificNotationApr()" classname="CommandValidatorTest" time="0.002"/>
  <testcase name="depositWithScientificNotation()" classname="CommandValidatorTest" time="0.005"/>
  <testcase name="validSavingsCreate()" classname="CommandValidatorTest" time="0.002"/>
  <testcase name="depositOverDecimalLimitChecking()" classname="CommandValidatorTest" time="0.002"/>
  <testcase name="multipleDecimalPointsInApr()" classname="CommandValidatorTest" time="0.001"/>
  <testcase name="cdMaxValidAprAndAmount()" classname="CommandValidatorTest" time="0.001"/>
  <testcase name="wholeNumberApr()" classname="CommandValidatorTest" time="0.001"/>
  <testcase name="depositWithDecimalAmountSavings()" classname="CommandValidatorTest" time="0.002"/>
  <testcase name="extraSpacesInMiddle()" classname="CommandValidatorTest" time="0.001"/>
  <testcase name="missingAccountType()" classname="CommandValidatorTest" time="0.001"/>
  <testcase name="missingId()" classname="CommandValidatorTest" time="0.001"/>
  <testcase name="cdAboveMaximum()" classname="CommandValidatorTest" time="0.003"/>
  <testcase name="depositToCDAccount()" classname="CommandValidatorTest" time="0.003"/>
  <testcase name="extraArgumentForCD()" classname="CommandValidatorTest" time="0.001"/>
  <testcase name="floatingPointAccountId()" classname="CommandValidatorTest" time="0.001"/>
  <testcase name="negativeCDDepositAmount()" classname="CommandValidatorTest" time="0.002"/>
  <testcase name="caseInsensitiveCommand()" classname="CommandValidatorTest" time="0.001"/>
  <testcase name="depositInvalidAmountFormat()" classname="CommandValidatorTest" time="0.001"/>
  <testcase name="depositOverDecimalLimitSavings()" classname="CommandValidatorTest" time="0.002"/>
  <testcase name="validCDCreate()" classname="CommandValidatorTest" time="0.002"/>
  <testcase name="specialCharactersInCDAmount()" classname="CommandValidatorTest" time="0.002"/>
  <system-out><![CDATA[]]></system-out>
  <system-err><![CDATA[]]></system-err>
</testsuite>
